09:19:57: Creating resource group General
09:19:57: Creating resource group Internal
09:19:57: Creating resource group Autodetect
09:19:57: SceneManagerFactory for type 'DefaultSceneManager' registered.
09:19:57: Registering ResourceManager for type Material
09:19:57: Registering ResourceManager for type Mesh
09:19:57: Registering ResourceManager for type Skeleton
09:19:57: MovableObjectFactory for type 'ParticleSystem' registered.
09:19:57: OverlayElementFactory for type Panel registered.
09:19:57: OverlayElementFactory for type BorderPanel registered.
09:19:57: OverlayElementFactory for type TextArea registered.
09:19:57: Registering ResourceManager for type Font
09:19:57: ArchiveFactory for archive type FileSystem registered.
09:19:57: ArchiveFactory for archive type Zip registered.
09:19:57: ArchiveFactory for archive type EmbeddedZip registered.
09:19:57: DDS codec registering
09:19:57: FreeImage version: 3.15.1
09:19:57: This program uses FreeImage, a free, open source image library supporting all common bitmap formats. See http://freeimage.sourceforge.net for details
09:19:57: Supported formats: bmp,ico,jpg,jif,jpeg,jpe,jng,koa,iff,lbm,mng,pbm,pbm,pcd,pcx,pgm,pgm,png,ppm,ppm,ras,tga,targa,tif,tiff,wap,wbmp,wbm,psd,cut,xbm,xpm,gif,hdr,g3,sgi,exr,j2k,j2c,jp2,pfm,pct,pict,pic,3fr,arw,bay,bmq,cap,cine,cr2,crw,cs1,dc2,dcr,drf,dsc,dng,erf,fff,ia,iiq,k25,kc2,kdc,mdc,mef,mos,mrw,nef,nrw,orf,pef,ptx,pxn,qtk,raf,raw,rdc,rw2,rwl,rwz,sr2,srf,sti
09:19:57: Registering ResourceManager for type HighLevelGpuProgram
09:19:57: Registering ResourceManager for type Compositor
09:19:57: MovableObjectFactory for type 'Entity' registered.
09:19:57: MovableObjectFactory for type 'Light' registered.
09:19:57: MovableObjectFactory for type 'BillboardSet' registered.
09:19:57: MovableObjectFactory for type 'ManualObject' registered.
09:19:57: MovableObjectFactory for type 'BillboardChain' registered.
09:19:57: MovableObjectFactory for type 'RibbonTrail' registered.
09:19:57: Loading library /usr/lib/OGRE/RenderSystem_GL
09:19:57: Installing plugin: GL RenderSystem
09:19:57: OpenGL Rendering Subsystem created.
09:19:57: Plugin successfully installed
09:19:57: *-*-* OGRE Initialising
09:19:57: *-*-* Version 1.8.1 (Byatis)
09:20:00: CPU Identifier & Features
09:20:00: -------------------------
09:20:00:  *   CPU ID: GenuineIntel: Intel(R) Core(TM) i3 CPU       M 330  @ 2.13GHz
09:20:00:  *      SSE: yes
09:20:00:  *     SSE2: yes
09:20:00:  *     SSE3: yes
09:20:00:  *      MMX: yes
09:20:00:  *   MMXEXT: yes
09:20:00:  *    3DNOW: no
09:20:00:  * 3DNOWEXT: no
09:20:00:  *     CMOV: yes
09:20:00:  *      TSC: yes
09:20:00:  *      FPU: yes
09:20:00:  *      PRO: yes
09:20:00:  *       HT: no
09:20:00: -------------------------
09:20:00: ******************************
*** Starting GLX Subsystem ***
******************************
09:20:00: Registering ResourceManager for type Texture
09:20:00: GLRenderSystem::_createRenderWindow "Gtk+Ogre Widget", 800x600 windowed  miscParams: externalWindowHandle=175587552:0:65011762 
09:20:00: GLXWindow::create: The externalWindowHandle parameter is deprecated.
Use the parentWindowHandle or currentGLContext parameter instead.
09:20:01: GLXWindow::create used FBConfigID = 237
09:20:01: GL_VERSION = 3.3.0 NVIDIA 304.88
09:20:01: GL_VENDOR = NVIDIA Corporation
09:20:01: GL_RENDERER = GeForce GT 320M/PCIe/SSE2
09:20:01: GL_EXTENSIONS = GL_ARB_base_instance GL_ARB_blend_func_extended GL_ARB_color_buffer_float GL_ARB_compatibility GL_ARB_compressed_texture_pixel_storage GL_ARB_conservative_depth GL_ARB_copy_buffer GL_ARB_depth_buffer_float GL_ARB_depth_clamp GL_ARB_depth_texture GL_ARB_draw_buffers GL_ARB_draw_buffers_blend GL_ARB_draw_elements_base_vertex GL_ARB_draw_instanced GL_ARB_ES2_compatibility GL_ARB_explicit_attrib_location GL_ARB_fragment_coord_conventions GL_ARB_fragment_program GL_ARB_fragment_program_shadow GL_ARB_fragment_shader GL_ARB_framebuffer_object GL_ARB_framebuffer_sRGB GL_ARB_geometry_shader4 GL_ARB_get_program_binary GL_ARB_half_float_pixel GL_ARB_half_float_vertex GL_ARB_imaging GL_ARB_instanced_arrays GL_ARB_internalformat_query GL_ARB_map_buffer_alignment GL_ARB_map_buffer_range GL_ARB_multisample GL_ARB_multitexture GL_ARB_occlusion_query GL_ARB_occlusion_query2 GL_ARB_pixel_buffer_object GL_ARB_point_parameters GL_ARB_point_sprite GL_ARB_provoking_vertex GL_ARB_robustness GL_ARB_sample_shading GL_ARB_sampler_objects GL_ARB_seamless_cube_map GL_ARB_separate_shader_objects GL_ARB_shader_bit_encoding GL_ARB_shader_objects GL_ARB_shader_texture_lod GL_ARB_shading_language_100 GL_ARB_shading_language_420pack GL_ARB_shading_language_include GL_ARB_shading_language_packing GL_ARB_shadow GL_ARB_sync GL_ARB_texture_border_clamp GL_ARB_texture_buffer_object GL_ARB_texture_compression GL_ARB_texture_compression_rgtc GL_ARB_texture_cube_map GL_ARB_texture_cube_map_array GL_ARB_texture_env_add GL_ARB_texture_env_combine GL_ARB_texture_env_crossbar GL_ARB_texture_env_dot3 GL_ARB_texture_float GL_ARB_texture_gather GL_ARB_texture_mirrored_repeat GL_ARB_texture_multisample GL_ARB_texture_non_power_of_two GL_ARB_texture_query_lod GL_ARB_texture_rectangle GL_ARB_texture_rg GL_ARB_texture_rgb10_a2ui GL_ARB_texture_storage GL_ARB_texture_swizzle GL_ARB_timer_query GL_ARB_transform_feedback2 GL_ARB_transform_feedback_instanced GL_ARB_transpose_matrix GL_ARB_uniform_buffer_object GL_ARB_vertex_array_bgra GL_ARB_vertex_array_object GL_ARB_vertex_buffer_object GL_ARB_vertex_program GL_ARB_vertex_shader GL_ARB_vertex_type_2_10_10_10_rev GL_ARB_viewport_array GL_ARB_window_pos GL_ATI_draw_buffers GL_ATI_texture_float GL_ATI_texture_mirror_once GL_S3_s3tc GL_EXT_texture_env_add GL_EXT_abgr GL_EXT_bgra GL_EXT_bindable_uniform GL_EXT_blend_color GL_EXT_blend_equation_separate GL_EXT_blend_func_separate GL_EXT_blend_minmax GL_EXT_blend_subtract GL_EXT_compiled_vertex_array GL_EXT_Cg_shader GL_EXT_depth_bounds_test GL_EXT_direct_state_access GL_EXT_draw_buffers2 GL_EXT_draw_instanced GL_EXT_draw_range_elements GL_EXT_fog_coord GL_EXT_framebuffer_blit GL_EXT_framebuffer_multisample GL_EXTX_framebuffer_mixed_formats GL_EXT_framebuffer_object GL_EXT_framebuffer_sRGB GL_EXT_geometry_shader4 GL_EXT_gpu_program_parameters GL_EXT_gpu_shader4 GL_EXT_multi_draw_arrays GL_EXT_packed_depth_stencil GL_EXT_packed_float GL_EXT_packed_pixels GL_EXT_pixel_buffer_object GL_EXT_point_parameters GL_EXT_provoking_vertex GL_EXT_rescale_normal GL_EXT_secondary_color GL_EXT_separate_shader_objects GL_EXT_separate_specular_color GL_EXT_shadow_funcs GL_EXT_stencil_two_side GL_EXT_stencil_wrap GL_EXT_texture3D GL_EXT_texture_array GL_EXT_texture_buffer_object GL_EXT_texture_compression_dxt1 GL_EXT_texture_compression_latc GL_EXT_texture_compression_rgtc GL_EXT_texture_compression_s3tc GL_EXT_texture_cube_map GL_EXT_texture_edge_clamp GL_EXT_texture_env_combine GL_EXT_texture_env_dot3 GL_EXT_texture_filter_anisotropic GL_EXT_texture_format_BGRA8888 GL_EXT_texture_integer GL_EXT_texture_lod GL_EXT_texture_lod_bias GL_EXT_texture_mirror_clamp GL_EXT_texture_object GL_EXT_texture_shared_exponent GL_EXT_texture_sRGB GL_EXT_texture_sRGB_decode GL_EXT_texture_storage GL_EXT_texture_swizzle GL_EXT_texture_type_2_10_10_10_REV GL_EXT_timer_query GL_EXT_transform_feedback2 GL_EXT_vertex_array GL_EXT_vertex_array_bgra GL_EXT_x11_sync_object GL_EXT_import_sync_object GL_IBM_rasterpos_clip GL_IBM_texture_mirrored_repeat GL_KTX_buffer_region GL_NV_alpha_test GL_NV_blend_minmax GL_NV_blend_square GL_NV_complex_primitives GL_NV_conditional_render GL_NV_copy_depth_to_color GL_NV_copy_image GL_NV_depth_buffer_float GL_NV_depth_clamp GL_NV_ES1_1_compatibility GL_NV_explicit_multisample GL_NV_fbo_color_attachments GL_NV_fence GL_NV_float_buffer GL_NV_fog_distance GL_NV_fragdepth GL_NV_fragment_program GL_NV_fragment_program_option GL_NV_fragment_program2 GL_NV_framebuffer_multisample_coverage GL_NV_geometry_shader4 GL_NV_gpu_program4 GL_NV_gpu_program4_1 GL_NV_half_float GL_NV_light_max_exponent GL_NV_multisample_coverage GL_NV_multisample_filter_hint GL_NV_occlusion_query GL_NV_packed_depth_stencil GL_NV_parameter_buffer_object GL_NV_parameter_buffer_object2 GL_NV_path_rendering GL_NV_pixel_data_range GL_NV_point_sprite GL_NV_primitive_restart GL_NV_register_combiners GL_NV_register_combiners2 GL_NV_shader_buffer_load GL_NV_texgen_reflection GL_NV_texture_barrier GL_NV_texture_compression_vtc GL_NV_texture_env_combine4 GL_NV_texture_expand_normal GL_NV_texture_lod_clamp GL_NV_texture_multisample GL_NV_texture_rectangle GL_NV_texture_shader GL_NV_texture_shader2 GL_NV_texture_shader3 GL_NV_transform_feedback GL_NV_transform_feedback2 GL_NV_vdpau_interop GL_NV_vertex_array_range GL_NV_vertex_array_range2 GL_NV_vertex_buffer_unified_memory GL_NV_vertex_program GL_NV_vertex_program1_1 GL_NV_vertex_program2 GL_NV_vertex_program2_option GL_NV_vertex_program3 GL_NVX_conditional_render GL_NVX_gpu_memory_info GL_OES_compressed_paletted_texture GL_OES_depth24 GL_OES_depth32 GL_OES_depth_texture GL_OES_element_index_uint GL_OES_fbo_render_mipmap GL_OES_get_program_binary GL_OES_mapbuffer GL_OES_packed_depth_stencil GL_OES_point_size_array GL_OES_point_sprite GL_OES_rgb8_rgba8 GL_OES_read_format GL_OES_standard_derivatives GL_OES_texture_3D GL_OES_texture_float GL_OES_texture_float_linear GL_OES_texture_half_float GL_OES_texture_half_float_linear GL_OES_texture_npot GL_OES_vertex_array_object GL_OES_vertex_half_float GL_SGIS_generate_mipmap GL_SGIS_texture_lod GL_SGIX_depth_texture GL_SGIX_shadow GL_SUN_slice_accum 
09:20:01: Supported GLX extensions: GLX_EXT_visual_info GLX_EXT_visual_rating GLX_SGIX_fbconfig GLX_SGIX_pbuffer GLX_SGI_video_sync GLX_SGI_swap_control GLX_EXT_swap_control GLX_EXT_swap_control_tear GLX_EXT_texture_from_pixmap GLX_ARB_create_context GLX_ARB_create_context_profile GLX_EXT_create_context_es2_profile GLX_ARB_create_context_robustness GLX_ARB_multisample GLX_NV_float_buffer GLX_ARB_fbconfig_float GLX_EXT_framebuffer_sRGB GLX_NV_multisample_coverage GLX_ARB_get_proc_address 
09:20:01: ***************************
09:20:01: *** GL Renderer Started ***
09:20:01: ***************************
09:20:01: Registering ResourceManager for type GpuProgram
09:20:01: GLSL support detected
09:20:01: GL: Using GL_EXT_framebuffer_object for rendering to textures (best)
09:20:01: FBO PF_UNKNOWN depth/stencil support: D16S0 D24S0 D32S0 Packed-D24S8 
09:20:01: FBO PF_L8 depth/stencil support: D0S0 D16S0 D24S0 D32S0 Packed-D24S8 
09:20:01: FBO PF_A8 depth/stencil support: D0S0 D16S0 D24S0 D32S0 Packed-D24S8 
09:20:01: FBO PF_A4L4 depth/stencil support: D0S0 D16S0 D24S0 D32S0 Packed-D24S8 
09:20:01: FBO PF_BYTE_LA depth/stencil support: D0S0 D16S0 D24S0 D32S0 Packed-D24S8 
09:20:01: FBO PF_R5G6B5 depth/stencil support: D0S0 D16S0 D24S0 D32S0 Packed-D24S8 
09:20:01: FBO PF_B5G6R5 depth/stencil support: D0S0 D16S0 D24S0 D32S0 Packed-D24S8 
09:20:01: FBO PF_A4R4G4B4 depth/stencil support: D0S0 D16S0 D24S0 D32S0 Packed-D24S8 
09:20:01: FBO PF_A1R5G5B5 depth/stencil support: D0S0 D16S0 D24S0 D32S0 Packed-D24S8 
09:20:01: FBO PF_R8G8B8 depth/stencil support: D0S0 D16S0 D24S0 D32S0 Packed-D24S8 
09:20:01: FBO PF_B8G8R8 depth/stencil support: D0S0 D16S0 D24S0 D32S0 Packed-D24S8 
09:20:01: FBO PF_A8R8G8B8 depth/stencil support: D0S0 D16S0 D24S0 D32S0 Packed-D24S8 
09:20:01: FBO PF_B8G8R8A8 depth/stencil support: D0S0 D16S0 D24S0 D32S0 Packed-D24S8 
09:20:01: FBO PF_A2R10G10B10 depth/stencil support: D0S0 D16S0 D24S0 D32S0 Packed-D24S8 
09:20:01: FBO PF_A2B10G10R10 depth/stencil support: D0S0 D16S0 D24S0 D32S0 Packed-D24S8 
09:20:01: FBO PF_FLOAT16_RGB depth/stencil support: D0S0 D16S0 D24S0 D32S0 Packed-D24S8 
09:20:01: FBO PF_FLOAT16_RGBA depth/stencil support: D0S0 D16S0 D24S0 D32S0 Packed-D24S8 
09:20:01: FBO PF_FLOAT32_RGB depth/stencil support: D0S0 D16S0 D24S0 D32S0 Packed-D24S8 
09:20:01: FBO PF_FLOAT32_RGBA depth/stencil support: D0S0 D16S0 D24S0 D32S0 Packed-D24S8 
09:20:01: FBO PF_X8R8G8B8 depth/stencil support: D0S0 D16S0 D24S0 D32S0 Packed-D24S8 
09:20:01: FBO PF_X8B8G8R8 depth/stencil support: D0S0 D16S0 D24S0 D32S0 Packed-D24S8 
09:20:01: FBO PF_SHORT_RGBA depth/stencil support: D0S0 D16S0 D24S0 D32S0 Packed-D24S8 
09:20:01: FBO PF_R3G3B2 depth/stencil support: D0S0 D16S0 D24S0 D32S0 Packed-D24S8 
09:20:01: FBO PF_FLOAT16_R depth/stencil support: D0S0 D16S0 D24S0 D32S0 Packed-D24S8 
09:20:01: FBO PF_FLOAT32_R depth/stencil support: D0S0 D16S0 D24S0 D32S0 Packed-D24S8 
09:20:01: FBO PF_FLOAT16_GR depth/stencil support: D0S0 D16S0 D24S0 D32S0 Packed-D24S8 
09:20:01: FBO PF_FLOAT32_GR depth/stencil support: D0S0 D16S0 D24S0 D32S0 Packed-D24S8 
09:20:01: FBO PF_SHORT_RGB depth/stencil support: D0S0 D16S0 D24S0 D32S0 Packed-D24S8 
09:20:01: [GL] : Valid FBO targets PF_UNKNOWN PF_L8 PF_A8 PF_A4L4 PF_BYTE_LA PF_R5G6B5 PF_B5G6R5 PF_A4R4G4B4 PF_A1R5G5B5 PF_R8G8B8 PF_B8G8R8 PF_A8R8G8B8 PF_B8G8R8A8 PF_A2R10G10B10 PF_A2B10G10R10 PF_FLOAT16_RGB PF_FLOAT16_RGBA PF_FLOAT32_RGB PF_FLOAT32_RGBA PF_X8R8G8B8 PF_X8B8G8R8 PF_SHORT_RGBA PF_R3G3B2 PF_FLOAT16_R PF_FLOAT32_R PF_FLOAT16_GR PF_FLOAT32_GR PF_SHORT_RGB 
09:20:01: RenderSystem capabilities
09:20:01: -------------------------
09:20:01: RenderSystem Name: OpenGL Rendering Subsystem
09:20:01: GPU Vendor: nvidia
09:20:01: Device Name: GeForce GT 320M/PCIe/SSE2
09:20:01: Driver Version: 3.3.0.0
09:20:01:  * Fixed function pipeline: yes
09:20:01:  * Hardware generation of mipmaps: yes
09:20:01:  * Texture blending: yes
09:20:01:  * Anisotropic texture filtering: yes
09:20:01:  * Dot product texture operation: yes
09:20:01:  * Cube mapping: yes
09:20:01:  * Hardware stencil buffer: yes
09:20:01:    - Stencil depth: 8
09:20:01:    - Two sided stencil support: yes
09:20:01:    - Wrap stencil values: yes
09:20:01:  * Hardware vertex / index buffers: yes
09:20:01:  * Vertex programs: yes
09:20:01:  * Number of floating-point constants for vertex programs: 1024
09:20:01:  * Number of integer constants for vertex programs: 0
09:20:01:  * Number of boolean constants for vertex programs: 0
09:20:01:  * Fragment programs: yes
09:20:01:  * Number of floating-point constants for fragment programs: 512
09:20:01:  * Number of integer constants for fragment programs: 0
09:20:01:  * Number of boolean constants for fragment programs: 0
09:20:01:  * Geometry programs: yes
09:20:01:  * Number of floating-point constants for geometry programs: 2048
09:20:01:  * Number of integer constants for geometry programs: 0
09:20:01:  * Number of boolean constants for geometry programs: 0
09:20:01:  * Supported Shader Profiles: arbfp1 arbvp1 fp20 fp30 fp40 glsl gp4fp gp4gp gp4vp gpu_fp gpu_gp gpu_vp nvgp4 vp30 vp40
09:20:01:  * Texture Compression: yes
09:20:01:    - DXT: yes
09:20:01:    - VTC: yes
09:20:01:    - PVRTC: no
09:20:01:  * Scissor Rectangle: yes
09:20:01:  * Hardware Occlusion Query: yes
09:20:01:  * User clip planes: yes
09:20:01:  * VET_UBYTE4 vertex element type: yes
09:20:01:  * Infinite far plane projection: yes
09:20:01:  * Hardware render-to-texture: yes
09:20:01:  * Floating point textures: yes
09:20:01:  * Non-power-of-two textures: yes
09:20:01:  * Volume textures: yes
09:20:01:  * Multiple Render Targets: 8
09:20:01:    - With different bit depths: yes
09:20:01:  * Point Sprites: yes
09:20:01:  * Extended point parameters: yes
09:20:01:  * Max Point Size: 63.375
09:20:01:  * Vertex texture fetch: yes
09:20:01:  * Number of world matrices: 0
09:20:01:  * Number of texture units: 32
09:20:01:  * Stencil buffer depth: 8
09:20:01:  * Number of vertex blend matrices: 0
09:20:01:    - Max vertex textures: 32
09:20:01:    - Vertex textures shared: yes
09:20:01:  * Render to Vertex Buffer : yes
09:20:01:  * GL 1.5 without VBO workaround: no
09:20:01:  * Frame Buffer objects: yes
09:20:01:  * Frame Buffer objects (ARB extension): no
09:20:01:  * Frame Buffer objects (ATI extension): no
09:20:01:  * PBuffer support: yes
09:20:01:  * GL 1.5 without HW-occlusion workaround: no
09:20:01:  * Separate shader objects: no
09:20:01: DefaultWorkQueue('Root') initialising on thread 0xa70b310.
09:20:01: DefaultWorkQueue('Root')::WorkerFunc - thread 0xa6e6a80 starting.
09:20:01: DefaultWorkQueue('Root')::WorkerFunc - thread 0xa8ce8f0 starting.
09:20:01: DefaultWorkQueue('Root')::WorkerFunc - thread 0xa8ce620 starting.
09:20:01: Particle Renderer Type 'billboard' registered
09:20:01: DefaultWorkQueue('Root')::WorkerFunc - thread 0xa82b610 starting.
09:20:01: Added resource location 'media' of type 'FileSystem' to resource group 'General'
09:20:01: Parsing scripts for resource group Autodetect
09:20:01: Finished parsing scripts for resource group Autodetect
09:20:01: Creating resources for group Autodetect
09:20:01: All done
09:20:01: Parsing scripts for resource group General
09:20:01: Parsing script SceneEsfera.material
09:20:01: Parsing script Ground.material
09:20:01: Parsing script panel.material
09:20:01: Parsing script Blue.fontdef
09:20:01: Parsing script info.overlay
09:20:01: Texture: panel.png: Loading 1 faces(PF_A8R8G8B8,250x75x1) with 7 generated mipmaps from Image. Internal format is PF_A8R8G8B8,250x75x1.
09:20:01: Texture: logouclm.jpg: Loading 1 faces(PF_R8G8B8,150x120x1) with 7 generated mipmaps from Image. Internal format is PF_X8R8G8B8,150x120x1.
09:20:01: Finished parsing scripts for resource group General
09:20:01: Creating resources for group General
09:20:01: All done
09:20:01: Parsing scripts for resource group Internal
09:20:01: Finished parsing scripts for resource group Internal
09:20:01: Creating resources for group Internal
09:20:01: All done
09:20:01: Mesh: Loading Esfera.mesh.
09:20:01: WARNING: Esfera.mesh is an older format ([MeshSerializer_v1.41]); you should upgrade it as soon as possible using the OgreMeshUpgrade tool.
09:20:01: Texture: envmap.png: Loading 1 faces(PF_R8G8B8,256x256x1) with 5 generated mipmaps from Image. Internal format is PF_X8R8G8B8,256x256x1.
09:20:02: Texture: spot_shadow_fade.png: Loading 1 faces(PF_R8G8B8,128x128x1) with 5 generated mipmaps from Image. Internal format is PF_X8R8G8B8,128x128x1.
09:36:21: DefaultWorkQueue('Root') shutting down on thread 0xa70b310.
09:36:21: DefaultWorkQueue('Root')::WorkerFunc - thread 0xa6e6a80 stopped.
09:36:21: DefaultWorkQueue('Root')::WorkerFunc - thread 0xa8ce620 stopped.
09:36:21: DefaultWorkQueue('Root')::WorkerFunc - thread 0xa82b610 stopped.
09:36:21: DefaultWorkQueue('Root')::WorkerFunc - thread 0xa8ce8f0 stopped.
09:36:21: *-*-* OGRE Shutdown
09:36:21: Unregistering ResourceManager for type Compositor
09:36:21: Unregistering ResourceManager for type Font
09:36:21: Unregistering ResourceManager for type Skeleton
09:36:21: Unregistering ResourceManager for type Mesh
09:36:21: Unregistering ResourceManager for type HighLevelGpuProgram
09:36:21: Uninstalling plugin: GL RenderSystem
09:36:21: Unregistering ResourceManager for type GpuProgram
09:36:21: ******************************
*** Stopping GLX Subsystem ***
******************************
09:36:21: Unregistering ResourceManager for type Texture
09:36:21: Plugin successfully uninstalled
09:36:21: Unloading library /usr/lib/OGRE/RenderSystem_GL
09:36:21: Unregistering ResourceManager for type Material
